<?xml version="1.0" encoding="UTF-8"?>
<!-- Generated by org.testng.reporters.JUnitReportReporter -->
<testsuite hostname="sangre" name="guice.TestGuice" tests="11" failures="0" timestamp="2 Feb 2014 17:21:04 GMT" time="0,633" errors="0">
  <testcase name="testSingletonResource" time="0,011" classname="guice.TestGuice"/>
  <testcase name="testPreDestroy" time="0,328" classname="guice.TestGuice"/>
  <testcase name="testSingletonContainer" time="0,011" classname="guice.TestGuice"/>
  <testcase name="testFirstContainer" time="0,019" classname="guice.TestGuice"/>
  <testcase name="testPostConstruct" time="0,014" classname="guice.TestGuice"/>
  <testcase name="testSecondContainer" time="0,013" classname="guice.TestGuice"/>
  <testcase name="testNonSingletonContainer" time="0,017" classname="guice.TestGuice"/>
  <testcase name="testMilinPostConstruct" time="0,147" classname="guice.TestGuice"/>
  <testcase name="testNonSingletonResource" time="0,013" classname="guice.TestGuice"/>
  <testcase name="testPropertyInjection" time="0,021" classname="guice.TestGuice"/>
  <testcase name="testMilinPreDestroy" time="0,039" classname="guice.TestGuice"/>
</testsuite>
